# JRE version: Java(TM) SE Runtime Environment (8.0_51-b16) (build 1.8.0_51-b16)
# Java VM: Java HotSpot(TM) 64-Bit Server VM (25.51-b03 mixed mode windows-amd64 compressed oops)
Heap:
 garbage-first heap   total 5472256K, used 1689418K [0x0000000540000000, 0x0000000542000538, 0x00000007c0000000)
  region size 32768K, 39 young (1277952K), 4 survivors (131072K)
 Metaspace       used 96058K, capacity 107277K, committed 107472K, reserved 1138688K
  class space    used 15492K, capacity 18862K, committed 18896K, reserved 1048576K
GC Heap History (10 events):
Event: 37.546 GC heap before
{Heap before GC invocations=64 (full 0):
 garbage-first heap   total 5472256K, used 3725748K [0x0000000540000000, 0x0000000542000538, 0x00000007c0000000)
  region size 32768K, 100 young (3276800K), 2 survivors (65536K)
 Metaspace       used 79712K, capacity 88371K, committed 88600K, reserved 1124352K
  class space    used 11712K, capacity 14037K, committed 14104K, reserved 1048576K
Event: 37.574 GC heap after
Heap after GC invocations=65 (full 0):
 garbage-first heap   total 5472256K, used 522384K [0x0000000540000000, 0x0000000542000538, 0x00000007c0000000)
  region size 32768K, 3 young (98304K), 3 survivors (98304K)
 Metaspace       used 79712K, capacity 88371K, committed 88600K, reserved 1124352K
  class space    used 11712K, capacity 14037K, committed 14104K, reserved 1048576K
}
Event: 38.782 GC heap before
{Heap before GC invocations=65 (full 0):
 garbage-first heap   total 5472256K, used 3700880K [0x0000000540000000, 0x0000000542000538, 0x00000007c0000000)
  region size 32768K, 100 young (3276800K), 3 survivors (98304K)
 Metaspace       used 83891K, capacity 93343K, committed 93464K, reserved 1128448K
  class space    used 12670K, capacity 15334K, committed 15384K, reserved 1048576K
Event: 38.819 GC heap after
Heap after GC invocations=66 (full 0):
 garbage-first heap   total 5472256K, used 531268K [0x0000000540000000, 0x0000000542000538, 0x00000007c0000000)
  region size 32768K, 3 young (98304K), 3 survivors (98304K)
 Metaspace       used 83891K, capacity 93343K, committed 93464K, reserved 1128448K
  class space    used 12670K, capacity 15334K, committed 15384K, reserved 1048576K
}
Event: 40.631 GC heap before
{Heap before GC invocations=66 (full 0):
 garbage-first heap   total 5472256K, used 3709764K [0x0000000540000000, 0x0000000542000538, 0x00000007c0000000)
  region size 32768K, 100 young (3276800K), 3 survivors (98304K)
 Metaspace       used 89707K, capacity 100019K, committed 100120K, reserved 1132544K
  class space    used 13924K, capacity 16896K, committed 16920K, reserved 1048576K
Event: 40.694 GC heap after
Heap after GC invocations=67 (full 0):
 garbage-first heap   total 5472256K, used 549904K [0x0000000540000000, 0x0000000542000538, 0x00000007c0000000)
  region size 32768K, 3 young (98304K), 3 survivors (98304K)
 Metaspace       used 89707K, capacity 100019K, committed 100120K, reserved 1132544K
  class space    used 13924K, capacity 16896K, committed 16920K, reserved 1048576K
}
Event: 42.305 GC heap before
{Heap before GC invocations=67 (full 0):
 garbage-first heap   total 5472256K, used 3728400K [0x0000000540000000, 0x0000000542000538, 0x00000007c0000000)
  region size 32768K, 100 young (3276800K), 3 survivors (98304K)
 Metaspace       used 92951K, capacity 103679K, committed 103960K, reserved 1136640K
  class space    used 14556K, capacity 17660K, committed 17688K, reserved 1048576K
Event: 42.367 GC heap after
Heap after GC invocations=68 (full 0):
 garbage-first heap   total 5472256K, used 593795K [0x0000000540000000, 0x0000000542000538, 0x00000007c0000000)
  region size 32768K, 5 young (163840K), 5 survivors (163840K)
 Metaspace       used 92951K, capacity 103679K, committed 103960K, reserved 1136640K
  class space    used 14556K, capacity 17660K, committed 17688K, reserved 1048576K
}
Event: 42.744 GC heap before
{Heap before GC invocations=68 (full 0):
 garbage-first heap   total 5472256K, used 1281923K [0x0000000540000000, 0x0000000542000538, 0x00000007c0000000)
  region size 32768K, 27 young (884736K), 5 survivors (163840K)
 Metaspace       used 94520K, capacity 105400K, committed 105428K, reserved 1136640K
  class space    used 15027K, capacity 18200K, committed 18200K, reserved 1048576K
Event: 42.808 GC heap after
Heap after GC invocations=69 (full 0):
 garbage-first heap   total 5472256K, used 575306K [0x0000000540000000, 0x0000000542000538, 0x00000007c0000000)
  region size 32768K, 4 young (131072K), 4 survivors (131072K)
 Metaspace       used 94520K, capacity 105400K, committed 105428K, reserved 1136640K
  class space    used 15027K, capacity 18200K, committed 18200K, reserved 1048576K
}

