# JRE version: Java(TM) SE Runtime Environment (8.0_51-b16) (build 1.8.0_51-b16)
# Java VM: Java HotSpot(TM) 64-Bit Server VM (25.51-b03 mixed mode windows-amd64 compressed oops)
Heap:
 garbage-first heap   total 8486912K, used 4076961K [0x0000000540000000, 0x0000000542000818, 0x00000007c0000000)
  region size 32768K, 17 young (557056K), 1 survivors (32768K)
 Metaspace       used 397147K, capacity 462277K, committed 462468K, reserved 1417216K
  class space    used 75012K, capacity 94413K, committed 94432K, reserved 1048576K
GC Heap History (10 events):
Event: 4072.953 GC heap before
{Heap before GC invocations=507 (full 0):
 garbage-first heap   total 8486912K, used 5352759K [0x0000000540000000, 0x0000000542000818, 0x00000007c0000000)
  region size 32768K, 55 young (1802240K), 1 survivors (32768K)
 Metaspace       used 397128K, capacity 462269K, committed 462468K, reserved 1417216K
  class space    used 75012K, capacity 94413K, committed 94432K, reserved 1048576K
Event: 4073.003 GC heap after
Heap after GC invocations=508 (full 0):
 garbage-first heap   total 8486912K, used 3584623K [0x0000000540000000, 0x0000000542000818, 0x00000007c0000000)
  region size 32768K, 1 young (32768K), 1 survivors (32768K)
 Metaspace       used 397128K, capacity 462269K, committed 462468K, reserved 1417216K
  class space    used 75012K, capacity 94413K, committed 94432K, reserved 1048576K
}
Event: 4081.170 GC heap before
{Heap before GC invocations=508 (full 0):
 garbage-first heap   total 8486912K, used 5780079K [0x0000000540000000, 0x0000000542000818, 0x00000007c0000000)
  region size 32768K, 68 young (2228224K), 1 survivors (32768K)
 Metaspace       used 397128K, capacity 462269K, committed 462468K, reserved 1417216K
  class space    used 75012K, capacity 94413K, committed 94432K, reserved 1048576K
Event: 4081.246 GC heap after
Heap after GC invocations=509 (full 0):
 garbage-first heap   total 8486912K, used 3582273K [0x0000000540000000, 0x0000000542000818, 0x00000007c0000000)
  region size 32768K, 1 young (32768K), 1 survivors (32768K)
 Metaspace       used 397128K, capacity 462269K, committed 462468K, reserved 1417216K
  class space    used 75012K, capacity 94413K, committed 94432K, reserved 1048576K
}
Event: 4090.386 GC heap before
{Heap before GC invocations=509 (full 0):
 garbage-first heap   total 8486912K, used 5220673K [0x0000000540000000, 0x0000000542000818, 0x00000007c0000000)
  region size 32768K, 51 young (1671168K), 1 survivors (32768K)
 Metaspace       used 397128K, capacity 462269K, committed 462468K, reserved 1417216K
  class space    used 75012K, capacity 94413K, committed 94432K, reserved 1048576K
Event: 4090.432 GC heap after
Heap after GC invocations=510 (full 0):
 garbage-first heap   total 8486912K, used 3585901K [0x0000000540000000, 0x0000000542000818, 0x00000007c0000000)
  region size 32768K, 1 young (32768K), 1 survivors (32768K)
 Metaspace       used 397128K, capacity 462269K, committed 462468K, reserved 1417216K
  class space    used 75012K, capacity 94413K, committed 94432K, reserved 1048576K
}
Event: 4098.697 GC heap before
{Heap before GC invocations=510 (full 0):
 garbage-first heap   total 8486912K, used 5224301K [0x0000000540000000, 0x0000000542000818, 0x00000007c0000000)
  region size 32768K, 51 young (1671168K), 1 survivors (32768K)
 Metaspace       used 397146K, capacity 462277K, committed 462468K, reserved 1417216K
  class space    used 75012K, capacity 94413K, committed 94432K, reserved 1048576K
Event: 4098.746 GC heap after
Heap after GC invocations=511 (full 0):
 garbage-first heap   total 8486912K, used 3579903K [0x0000000540000000, 0x0000000542000818, 0x00000007c0000000)
  region size 32768K, 1 young (32768K), 1 survivors (32768K)
 Metaspace       used 397146K, capacity 462277K, committed 462468K, reserved 1417216K
  class space    used 75012K, capacity 94413K, committed 94432K, reserved 1048576K
}
Event: 4108.674 GC heap before
{Heap before GC invocations=511 (full 0):
 garbage-first heap   total 8486912K, used 5840895K [0x0000000540000000, 0x0000000542000818, 0x00000007c0000000)
  region size 32768K, 70 young (2293760K), 1 survivors (32768K)
 Metaspace       used 397147K, capacity 462277K, committed 462468K, reserved 1417216K
  class space    used 75012K, capacity 94413K, committed 94432K, reserved 1048576K
Event: 4108.722 GC heap after
Heap after GC invocations=512 (full 0):
 garbage-first heap   total 8486912K, used 3585441K [0x0000000540000000, 0x0000000542000818, 0x00000007c0000000)
  region size 32768K, 1 young (32768K), 1 survivors (32768K)
 Metaspace       used 397147K, capacity 462277K, committed 462468K, reserved 1417216K
  class space    used 75012K, capacity 94413K, committed 94432K, reserved 1048576K
}

